\BOOKMARK [0][-]{chapter.1}{Variedades diferenciables}{}% 1
\BOOKMARK [1][-]{section.1.1}{El modelo local}{chapter.1}% 2
\BOOKMARK [1][-]{section.1.2}{El concepto. Definici\363n y ejemplos}{chapter.1}% 3
\BOOKMARK [1][-]{section.1.3}{Aplicaciones diferenciables}{chapter.1}% 4
\BOOKMARK [1][-]{section.1.4}{Haces y C-variedades}{chapter.1}% 5
\BOOKMARK [1][-]{section.1.5}{Variedades sumergidas}{chapter.1}% 6
\BOOKMARK [1][-]{section.1.6}{Variedades con borde}{chapter.1}% 7
\BOOKMARK [0][-]{chapter.2}{El espacio tangente}{}% 8
\BOOKMARK [1][-]{section.2.1}{El espacio tangente a una variedad sumergida}{chapter.2}% 9
\BOOKMARK [1][-]{section.2.2}{Derivaciones}{chapter.2}% 10
\BOOKMARK [1][-]{section.2.3}{Derivada de una aplicaci\363n diferenciable}{chapter.2}% 11
\BOOKMARK [1][-]{section.2.4}{El espacio cotangente}{chapter.2}% 12
\BOOKMARK [0][-]{chapter.3}{Fibrados vectoriales}{}% 13
\BOOKMARK [1][-]{section.3.1}{La categor\355a de los fibrados vectoriales}{chapter.3}% 14
\BOOKMARK [1][-]{section.3.2}{Secciones de un fibrado vectorial}{chapter.3}% 15
\BOOKMARK [1][-]{section.3.3}{El fibrado tangente y el fibrado cotangente}{chapter.3}% 16
\BOOKMARK [1][-]{section.3.4}{Referencias m\363viles}{chapter.3}% 17
\BOOKMARK [0][-]{chapter.4}{Ecuaciones diferenciales en variedades}{}% 18
\BOOKMARK [1][-]{section.4.1}{Flujos completos}{chapter.4}% 19
\BOOKMARK [1][-]{section.4.2}{Flujos}{chapter.4}% 20
\BOOKMARK [1][-]{section.4.3}{Integraci\363n de campos}{chapter.4}% 21
\BOOKMARK [1][-]{section.4.4}{Derivada de Lie}{chapter.4}% 22
\BOOKMARK [1][-]{section.4.5}{Campos coordenados}{chapter.4}% 23
\BOOKMARK [0][-]{chapter.5}{Grupos y \341lgebras de Lie}{}% 24
\BOOKMARK [1][-]{section.5.1}{Grupos de Lie}{chapter.5}% 25
\BOOKMARK [1][-]{section.5.2}{El \341lgebra de Lie de un grupo de Lie}{chapter.5}% 26
\BOOKMARK [1][-]{section.5.3}{La aplicaci\363n exponencial}{chapter.5}% 27
\BOOKMARK [0][-]{chapter.6}{Tensores}{}% 28
\BOOKMARK [1][-]{section.6.1}{Producto tensorial}{chapter.6}% 29
\BOOKMARK [1][-]{section.6.2}{El \341lgebra de tensores de un espacio vectorial}{chapter.6}% 30
\BOOKMARK [1][-]{section.6.3}{Tensores en variedades}{chapter.6}% 31
\BOOKMARK [1][-]{section.6.4}{Derivada de Lie de un tensor}{chapter.6}% 32
\BOOKMARK [1][-]{section.6.5}{M\351tricas riemmanianas}{chapter.6}% 33
\BOOKMARK [0][-]{chapter.7}{Formas diferenciales}{}% 34
\BOOKMARK [1][-]{section.7.1}{El producto antisim\351trico}{chapter.7}% 35
\BOOKMARK [1][-]{section.7.2}{Determinantes}{chapter.7}% 36
\BOOKMARK [1][-]{section.7.3}{Formas en variedades}{chapter.7}% 37
\BOOKMARK [1][-]{section.7.4}{Diferencial exterior}{chapter.7}% 38
\BOOKMARK [1][-]{section.7.5}{F\363rmulas de Cartan}{chapter.7}% 39
\BOOKMARK [1][-]{section.7.6}{Cohomolog\355a de de Rham}{chapter.7}% 40
\BOOKMARK [0][-]{chapter.8}{Orientaci\363n}{}% 41
\BOOKMARK [1][-]{section.8.1}{Orientaci\363n de un espacio vectorial}{chapter.8}% 42
\BOOKMARK [1][-]{section.8.2}{Orientaci\363n de variedades}{chapter.8}% 43
\BOOKMARK [1][-]{section.8.3}{Orientaci\363n de hipersuperficies}{chapter.8}% 44
\BOOKMARK [1][-]{section.8.4}{Orientaci\363n del borde}{chapter.8}% 45
\BOOKMARK [0][-]{chapter.9}{El teorema de de Rham}{}% 46
\BOOKMARK [1][-]{section.9.1}{Cadenas diferenciables}{chapter.9}% 47
\BOOKMARK [1][-]{section.9.2}{Integraci\363n en cadenas}{chapter.9}% 48
\BOOKMARK [1][-]{section.9.3}{Cohomolog\355a de Cech}{chapter.9}% 49
\BOOKMARK [1][-]{section.9.4}{Resoluciones de haces}{chapter.9}% 50
\BOOKMARK [0][-]{chapter.10}{Integraci\363n}{}% 51
\BOOKMARK [1][-]{section.10.1}{Integral de una forma diferencial en una variedad}{chapter.10}% 52
\BOOKMARK [1][-]{section.10.2}{Teorema de Stokes}{chapter.10}% 53
\BOOKMARK [1][-]{section.10.3}{Elemento de volumen}{chapter.10}% 54
\BOOKMARK [1][-]{section.10.4}{Los teoremas cl\341sicos}{chapter.10}% 55
\BOOKMARK [1][-]{section.10.5}{Cohomolog\355a e integraci\363n}{chapter.10}% 56
\BOOKMARK [0][-]{appendix.Alph1}{Topolog\355a de variedades}{}% 57
\BOOKMARK [1][-]{section.Alph1.1}{Particiones diferenciables de la unidad}{appendix.Alph1}% 58
\BOOKMARK [0][-]{appendix.Alph2}{Teor\355a de categor\355as}{}% 59
\BOOKMARK [0][-]{appendix.Alph3}{Prerrequisitos algebraicos}{}% 60
\BOOKMARK [0][-]{appendix.Alph4}{Prerrequisitos anal\355ticos}{}% 61
